c:\users\francis\lab-2\minigolf-cmps164\minigolf-cmps164\debug\vc120.pdb
c:\users\francis\lab-2\minigolf-cmps164\minigolf-cmps164\debug\vc120.idb
c:\users\francis\lab-2\minigolf-cmps164\minigolf-cmps164\debug\golfcourse.obj
c:\users\francis\lab-2\minigolf-cmps164\minigolf-cmps164\debug\main.obj
c:\users\francis\lab-2\minigolf-cmps164\minigolf-cmps164\debug\minigolfgame.obj
c:\users\francis\lab-2\minigolf-cmps164\minigolf-cmps164\debug\collider.obj
c:\users\francis\lab-2\minigolf-cmps164\minigolf-cmps164\debug\force.obj
c:\users\francis\lab-2\minigolf-cmps164\minigolf-cmps164\debug\movingcollider.obj
c:\users\francis\lab-2\minigolf-cmps164\minigolf-cmps164\debug\rigidbody.obj
c:\users\francis\lab-2\minigolf-cmps164\minigolf-cmps164\debug\position.obj
c:\users\francis\lab-2\minigolf-cmps164\minigolf-cmps164\debug\vector3.obj
c:\users\francis\lab-2\minigolf-cmps164\minigolf-cmps164\debug\catcher.obj
c:\users\francis\lab-2\minigolf-cmps164\minigolf-cmps164\debug\hud.obj
c:\users\francis\lab-2\minigolf-cmps164\minigolf-cmps164\debug\reader.obj
c:\users\francis\lab-2\minigolf-cmps164\debug\minigolf-cmps164.pdb
c:\users\francis\lab-2\minigolf-cmps164\debug\minigolf-cmps164.exe
c:\users\francis\lab-2\minigolf-cmps164\debug\minigolf-cmps164.ilk
c:\users\francis\lab-2\minigolf-cmps164\minigolf-cmps164\debug\minigolf-cmps164.tlog\cl.command.1.tlog
c:\users\francis\lab-2\minigolf-cmps164\minigolf-cmps164\debug\minigolf-cmps164.tlog\cl.read.1.tlog
c:\users\francis\lab-2\minigolf-cmps164\minigolf-cmps164\debug\minigolf-cmps164.tlog\cl.write.1.tlog
c:\users\francis\lab-2\minigolf-cmps164\minigolf-cmps164\debug\minigolf-cmps164.tlog\link.command.1.tlog
c:\users\francis\lab-2\minigolf-cmps164\minigolf-cmps164\debug\minigolf-cmps164.tlog\link.read.1.tlog
c:\users\francis\lab-2\minigolf-cmps164\minigolf-cmps164\debug\minigolf-cmps164.tlog\link.write.1.tlog
